TN:
SF:src/database/connection.js
FN:17,connectDatabase
FN:58,getPool
FN:65,query
FNF:3
FNH:0
FNDA:0,connectDatabase
FNDA:0,getPool
FNDA:0,query
DA:1,1
DA:2,1
DA:6,1
DA:18,0
DA:19,0
DA:27,0
DA:28,0
DA:29,0
DA:30,0
DA:33,0
DA:36,0
DA:37,0
DA:38,0
DA:39,0
DA:41,0
DA:46,0
DA:52,0
DA:55,0
DA:59,0
DA:60,0
DA:62,0
DA:66,0
DA:67,0
DA:69,0
DA:74,0
DA:75,0
DA:76,0
DA:78,0
DA:84,0
DA:86,0
DA:88,0
DA:95,0
DA:99,1
LF:33
LH:4
BRDA:7,0,0,1
BRDA:7,0,1,0
BRDA:8,1,0,1
BRDA:8,1,1,0
BRDA:9,2,0,1
BRDA:9,2,1,0
BRDA:18,3,0,0
BRDA:18,3,1,0
BRDA:23,4,0,0
BRDA:23,4,1,0
BRDA:27,5,0,0
BRDA:27,5,1,0
BRDA:27,6,0,0
BRDA:27,6,1,0
BRDA:59,7,0,0
BRDA:59,7,1,0
BRDA:70,8,0,0
BRDA:70,8,1,0
BRDA:71,9,0,0
BRDA:71,9,1,0
BRDA:91,10,0,0
BRDA:91,10,1,0
BRDA:92,11,0,0
BRDA:92,11,1,0
BRF:24
BRH:3
end_of_record
TN:
SF:src/routes/health.js
FN:12,(anonymous_0)
FN:31,(anonymous_1)
FN:140,(anonymous_2)
FN:194,(anonymous_3)
FN:213,(anonymous_4)
FNF:5
FNH:0
FNDA:0,(anonymous_0)
FNDA:0,(anonymous_1)
FNDA:0,(anonymous_2)
FNDA:0,(anonymous_3)
FNDA:0,(anonymous_4)
DA:1,0
DA:2,0
DA:3,0
DA:4,0
DA:6,0
DA:12,0
DA:13,0
DA:22,0
DA:24,0
DA:31,0
DA:32,0
DA:34,0
DA:36,0
DA:46,0
DA:48,0
DA:50,0
DA:51,0
DA:53,0
DA:54,0
DA:59,0
DA:61,0
DA:64,0
DA:69,0
DA:74,0
DA:77,0
DA:79,0
DA:80,0
DA:82,0
DA:83,0
DA:89,0
DA:90,0
DA:93,0
DA:99,0
DA:104,0
DA:111,0
DA:112,0
DA:116,0
DA:119,0
DA:126,0
DA:133,0
DA:140,0
DA:141,0
DA:143,0
DA:145,0
DA:147,0
DA:149,0
DA:150,0
DA:156,0
DA:157,0
DA:159,0
DA:166,0
DA:171,0
DA:174,0
DA:181,0
DA:186,0
DA:194,0
DA:195,0
DA:197,0
DA:204,0
DA:206,0
DA:213,0
DA:214,0
DA:216,0
DA:218,0
DA:220,0
DA:222,0
DA:223,0
DA:230,0
DA:231,0
DA:233,0
DA:240,0
DA:245,0
DA:248,0
DA:255,0
DA:260,0
DA:264,0
LF:76
LH:0
BRDA:17,0,0,0
BRDA:17,0,1,0
BRDA:19,1,0,0
BRDA:19,1,1,0
BRDA:32,2,0,0
BRDA:32,2,1,0
BRDA:42,3,0,0
BRDA:42,3,1,0
BRDA:53,4,0,0
BRDA:53,4,1,0
BRDA:82,5,0,0
BRDA:82,5,1,0
BRDA:89,6,0,0
BRDA:89,6,1,0
BRDA:95,7,0,0
BRDA:95,7,1,0
BRDA:111,8,0,0
BRDA:111,8,1,0
BRDA:116,9,0,0
BRDA:116,9,1,0
BRDA:117,10,0,0
BRDA:117,10,1,0
BRDA:141,11,0,0
BRDA:141,11,1,0
BRDA:149,12,0,0
BRDA:149,12,1,0
BRDA:195,13,0,0
BRDA:195,13,1,0
BRDA:214,14,0,0
BRDA:214,14,1,0
BRDA:222,15,0,0
BRDA:222,15,1,0
BRF:32
BRH:0
end_of_record
TN:
SF:src/routes/webhook.js
FN:12,validateWebhookPayload
FN:41,extractWebhookData
FN:80,(anonymous_2)
FN:352,(anonymous_3)
FNF:4
FNH:0
FNDA:0,validateWebhookPayload
FNDA:0,extractWebhookData
FNDA:0,(anonymous_2)
FNDA:0,(anonymous_3)
DA:1,0
DA:2,0
DA:3,0
DA:4,0
DA:5,0
DA:7,0
DA:13,0
DA:15,0
DA:17,0
DA:18,0
DA:19,0
DA:22,0
DA:23,0
DA:26,0
DA:27,0
DA:30,0
DA:35,0
DA:42,0
DA:44,0
DA:46,0
DA:63,0
DA:73,0
DA:80,0
DA:81,0
DA:82,0
DA:84,0
DA:91,0
DA:93,0
DA:102,0
DA:103,0
DA:105,0
DA:106,0
DA:107,0
DA:112,0
DA:119,0
DA:122,0
DA:123,0
DA:126,0
DA:131,0
DA:133,0
DA:134,0
DA:136,0
DA:142,0
DA:158,0
DA:159,0
DA:161,0
DA:172,0
DA:187,0
DA:188,0
DA:195,0
DA:201,0
DA:203,0
DA:204,0
DA:211,0
DA:219,0
DA:227,0
DA:229,0
DA:237,0
DA:243,0
DA:245,0
DA:254,0
DA:260,0
DA:261,0
DA:263,0
DA:268,0
DA:274,0
DA:276,0
DA:284,0
DA:291,0
DA:297,0
DA:299,0
DA:310,0
DA:327,0
DA:329,0
DA:338,0
DA:352,0
DA:353,0
DA:355,0
DA:356,0
DA:358,0
DA:364,0
DA:365,0
DA:370,0
DA:377,0
DA:379,0
DA:380,0
DA:385,0
DA:393,0
DA:400,0
DA:407,0
DA:414,0
DA:423,0
LF:92
LH:0
BRDA:17,0,0,0
BRDA:17,0,1,0
BRDA:22,1,0,0
BRDA:22,1,1,0
BRDA:26,2,0,0
BRDA:26,2,1,0
BRDA:26,3,0,0
BRDA:26,3,1,0
BRDA:48,4,0,0
BRDA:48,4,1,0
BRDA:82,5,0,0
BRDA:82,5,1,0
BRDA:106,6,0,0
BRDA:106,6,1,0
BRDA:133,7,0,0
BRDA:133,7,1,0
BRDA:158,8,0,0
BRDA:158,8,1,0
BRDA:158,9,0,0
BRDA:158,9,1,0
BRDA:187,10,0,0
BRDA:187,10,1,0
BRDA:187,11,0,0
BRDA:187,11,1,0
BRDA:203,12,0,0
BRDA:203,12,1,0
BRDA:233,13,0,0
BRDA:233,13,1,0
BRDA:263,14,0,0
BRDA:263,14,1,0
BRDA:263,14,2,0
BRDA:263,14,3,0
BRDA:306,15,0,0
BRDA:306,15,1,0
BRDA:353,16,0,0
BRDA:353,16,1,0
BRDA:364,17,0,0
BRDA:364,17,1,0
BRDA:364,18,0,0
BRDA:364,18,1,0
BRDA:379,19,0,0
BRDA:379,19,1,0
BRDA:397,20,0,0
BRDA:397,20,1,0
BRF:44
BRH:0
end_of_record
TN:
SF:src/services/databaseService.js
FN:5,(anonymous_0)
FN:12,(anonymous_1)
FN:61,(anonymous_2)
FN:160,(anonymous_3)
FN:198,(anonymous_4)
FN:277,(anonymous_5)
FNF:6
FNH:5
FNDA:1,(anonymous_0)
FNDA:3,(anonymous_1)
FNDA:3,(anonymous_2)
FNDA:2,(anonymous_3)
FNDA:0,(anonymous_4)
FNDA:2,(anonymous_5)
DA:1,1
DA:2,1
DA:6,1
DA:13,3
DA:14,3
DA:16,3
DA:22,3
DA:24,3
DA:25,2
DA:26,2
DA:28,2
DA:36,2
DA:43,1
DA:44,1
DA:50,0
DA:54,0
DA:62,3
DA:63,3
DA:69,3
DA:71,3
DA:72,1
DA:81,1
DA:89,2
DA:91,1
DA:93,1
DA:100,1
DA:102,1
DA:103,1
DA:104,1
DA:110,1
DA:117,0
DA:120,1
DA:122,1
DA:128,1
DA:130,1
DA:131,1
DA:132,1
DA:138,1
DA:145,0
DA:148,0
DA:153,0
DA:161,2
DA:162,2
DA:164,2
DA:170,2
DA:172,2
DA:173,1
DA:174,1
DA:181,1
DA:184,1
DA:185,1
DA:187,0
DA:191,0
DA:199,0
DA:200,0
DA:205,0
DA:212,0
DA:214,0
DA:215,0
DA:216,0
DA:222,0
DA:228,0
DA:229,0
DA:236,0
DA:241,0
DA:278,2
DA:279,2
DA:281,2
DA:283,1
DA:284,1
DA:290,1
DA:291,1
DA:300,1
LF:73
LH:53
BRDA:6,0,0,1
BRDA:6,0,1,0
BRDA:24,1,0,2
BRDA:24,1,1,1
BRDA:71,2,0,1
BRDA:71,2,1,2
BRDA:71,3,0,3
BRDA:71,3,1,2
BRDA:89,4,0,1
BRDA:89,4,1,1
BRDA:102,5,0,1
BRDA:102,5,1,0
BRDA:130,6,0,1
BRDA:130,6,1,0
BRDA:172,7,0,1
BRDA:172,7,1,1
BRDA:178,8,0,1
BRDA:178,8,1,0
BRDA:214,9,0,0
BRDA:214,9,1,0
BRF:20
BRH:14
end_of_record
TN:
SF:src/services/llmService.js
FN:5,(anonymous_0)
FN:30,(anonymous_1)
FN:42,(anonymous_2)
FN:58,(anonymous_3)
FN:128,(anonymous_4)
FN:137,(anonymous_5)
FN:206,(anonymous_6)
FN:234,(anonymous_7)
FN:314,(anonymous_8)
FN:338,(anonymous_9)
FNF:10
FNH:10
FNDA:1,(anonymous_0)
FNDA:3,(anonymous_1)
FNDA:2,(anonymous_2)
FNDA:201,(anonymous_3)
FNDA:14,(anonymous_4)
FNDA:2,(anonymous_5)
FNDA:6,(anonymous_6)
FNDA:3,(anonymous_7)
FNDA:2,(anonymous_8)
FNDA:1,(anonymous_9)
DA:1,1
DA:2,1
DA:7,1
DA:8,1
DA:9,1
DA:10,1
DA:12,1
DA:20,1
DA:21,0
DA:22,0
DA:23,0
DA:31,3
DA:32,3
DA:36,3
DA:43,2
DA:45,2
DA:51,2
DA:52,1
DA:53,1
DA:56,1
DA:57,1
DA:58,201
DA:60,1
DA:65,1
DA:67,1
DA:68,200
DA:70,200
DA:71,187
DA:73,13
DA:74,13
DA:75,13
DA:79,13
DA:82,0
DA:86,0
DA:87,0
DA:89,0
DA:90,0
DA:91,0
DA:93,0
DA:94,0
DA:95,0
DA:99,0
DA:102,0
DA:106,0
DA:111,0
DA:112,0
DA:118,1
DA:119,1
DA:120,1
DA:126,1
DA:128,14
DA:131,1
DA:138,2
DA:139,2
DA:144,2
DA:145,2
DA:147,2
DA:149,2
DA:150,3
DA:151,3
DA:153,3
DA:160,3
DA:161,3
DA:163,3
DA:170,2
DA:171,1
DA:172,1
DA:174,1
DA:179,1
DA:181,1
DA:185,1
DA:188,1
DA:192,1
DA:194,0
DA:199,0
DA:207,6
DA:211,6
DA:213,6
DA:221,6
DA:228,6
DA:235,3
DA:237,3
DA:238,3
DA:244,3
DA:249,3
DA:250,0
DA:251,0
DA:254,3
DA:265,3
DA:270,2
DA:272,2
DA:273,1
DA:275,1
DA:281,1
DA:283,1
DA:286,2
DA:288,2
DA:289,1
DA:290,1
DA:295,1
DA:298,1
DA:307,1
DA:315,2
DA:316,2
DA:318,2
DA:319,2
DA:320,0
DA:323,2
DA:328,1
DA:336,1
DA:338,1
DA:341,1
DA:343,1
DA:350,1
DA:351,1
DA:356,1
LF:116
LH:94
BRDA:7,0,0,1
BRDA:7,0,1,0
BRDA:9,1,0,1
BRDA:9,1,1,0
BRDA:10,2,0,1
BRDA:10,2,1,0
BRDA:20,3,0,0
BRDA:20,3,1,1
BRDA:42,4,0,0
BRDA:51,5,0,1
BRDA:51,5,1,1
BRDA:70,6,0,187
BRDA:70,6,1,13
BRDA:71,7,0,186
BRDA:71,7,1,1
BRDA:73,8,0,13
BRDA:73,8,1,0
BRDA:90,9,0,0
BRDA:90,9,1,0
BRDA:91,10,0,0
BRDA:91,10,1,0
BRDA:93,11,0,0
BRDA:93,11,1,0
BRDA:111,12,0,0
BRDA:111,12,1,0
BRDA:118,13,0,1
BRDA:118,13,1,0
BRDA:137,14,0,0
BRDA:170,15,0,1
BRDA:170,15,1,1
BRDA:206,16,0,2
BRDA:206,17,0,2
BRDA:207,18,0,4
BRDA:207,18,1,2
BRDA:211,19,0,3
BRDA:211,19,1,3
BRDA:249,20,0,0
BRDA:249,20,1,3
BRDA:272,21,0,1
BRDA:272,21,1,1
BRDA:272,22,0,2
BRDA:272,22,1,2
BRDA:288,23,0,1
BRDA:288,23,1,1
BRDA:319,24,0,0
BRDA:319,24,1,2
BRDA:330,25,0,1
BRDA:330,25,1,0
BRF:48
BRH:29
end_of_record
TN:
SF:src/services/odooService.js
FN:5,(anonymous_0)
FN:15,(anonymous_1)
FN:64,(anonymous_2)
FN:142,(anonymous_3)
FNF:4
FNH:0
FNDA:0,(anonymous_0)
FNDA:0,(anonymous_1)
FNDA:0,(anonymous_2)
FNDA:0,(anonymous_3)
DA:1,0
DA:2,0
DA:6,0
DA:7,0
DA:8,0
DA:9,0
DA:16,0
DA:17,0
DA:22,0
DA:33,0
DA:40,0
DA:41,0
DA:44,0
DA:46,0
DA:50,0
DA:52,0
DA:57,0
DA:65,0
DA:66,0
DA:72,0
DA:73,0
DA:76,0
DA:102,0
DA:109,0
DA:110,0
DA:113,0
DA:115,0
DA:121,0
DA:129,0
DA:135,0
DA:143,0
DA:144,0
DA:146,0
DA:156,0
DA:163,0
DA:164,0
DA:165,0
DA:171,0
DA:174,0
DA:175,0
DA:184,0
LF:41
LH:0
BRDA:40,0,0,0
BRDA:40,0,1,0
BRDA:47,1,0,0
BRDA:47,1,1,0
BRDA:72,2,0,0
BRDA:72,2,1,0
BRDA:109,3,0,0
BRDA:109,3,1,0
BRDA:163,4,0,0
BRDA:163,4,1,0
BRF:10
BRH:0
end_of_record
TN:
SF:src/utils/logger.js
FN:21,(anonymous_0)
FN:31,(anonymous_1)
FN:42,(anonymous_2)
FNF:3
FNH:1
FNDA:4,(anonymous_0)
FNDA:0,(anonymous_1)
FNDA:0,(anonymous_2)
DA:1,2
DA:4,2
DA:22,4
DA:23,4
DA:31,2
DA:32,0
DA:34,0
DA:42,0
DA:43,0
DA:44,0
DA:53,0
DA:56,2
LF:12
LH:6
BRDA:5,0,0,2
BRDA:5,0,1,0
BRDA:13,1,0,2
BRDA:13,1,1,0
BRDA:22,2,0,4
BRDA:22,2,1,0
BRDA:39,3,0,0
BRDA:39,3,1,0
BRDA:49,4,0,0
BRDA:49,4,1,0
BRF:10
BRH:3
end_of_record
